<?xml version="1.0" encoding="UTF-8"?>
<!-- Generated by org.testng.reporters.JUnitReportReporter -->
<testsuite hostname="KALYANI" failures="0" tests="2" name="package_1.NewTest_class1" time="0.007" errors="0" timestamp="2024-06-18T15:16:08 IST" skipped="0">
  <testcase classname="package_1.NewTest_class1" name="s" time="0.001"/>
  <system-out/>
  <testcase classname="package_1.NewTest_class1" name="f" time="0.006"/>
  <system-out/>
</testsuite> <!-- package_1.NewTest_class1 -->
