<?xml version="1.0" encoding="UTF-8"?>
<!-- Generated by org.testng.reporters.JUnitReportReporter -->
<testsuite hostname="KALYANI" failures="0" tests="7" name="package_1.automate_webapplication" time="21.911" errors="0" timestamp="2024-06-21T09:14:03 IST" skipped="0">
  <testcase classname="package_1.automate_webapplication" name="pin" time="2.316"/>
  <system-out/>
  <testcase classname="package_1.automate_webapplication" name="searchbox" time="3.715"/>
  <system-out/>
  <testcase classname="package_1.automate_webapplication" name="select" time="3.324"/>
  <system-out/>
  <testcase classname="package_1.automate_webapplication" name="scrollto" time="0.018"/>
  <system-out/>
  <testcase classname="package_1.automate_webapplication" name="addtocart" time="4.414"/>
  <system-out/>
  <testcase classname="package_1.automate_webapplication" name="cart" time="5.787"/>
  <system-out/>
  <testcase classname="package_1.automate_webapplication" name="mobile" time="2.337"/>
  <system-out/>
</testsuite> <!-- package_1.automate_webapplication -->
