<?xml version="1.0" encoding="UTF-8"?>
<!-- Generated by org.testng.reporters.JUnitReportReporter -->
<testsuite hostname="KALYANI" failures="0" tests="2" name="assert_.Hard_assert" time="7.679" errors="0" timestamp="2024-06-25T10:56:36 IST" skipped="0">
  <testcase classname="assert_.Hard_assert" name="element" time="0.368"/>
  <system-out/>
  <testcase classname="assert_.Hard_assert" name="browser_url" time="7.311"/>
  <system-out/>
</testsuite> <!-- assert_.Hard_assert -->
