<?xml version="1.0" encoding="UTF-8"?>
<!-- Generated by org.testng.reporters.JUnitReportReporter -->
<testsuite hostname="KALYANI" failures="0" tests="5" name="package_1.parameter_dependsonmethod" time="0.022" errors="0" timestamp="2024-06-20T08:07:17 IST" skipped="0">
  <testcase classname="package_1.parameter_dependsonmethod" name="from_station" time="0.004"/>
  <system-out/>
  <testcase classname="package_1.parameter_dependsonmethod" name="launch_browser" time="0.012"/>
  <system-out/>
  <testcase classname="package_1.parameter_dependsonmethod" name="hiturl" time="0.002"/>
  <system-out/>
  <testcase classname="package_1.parameter_dependsonmethod" name="to_station" time="0.003"/>
  <system-out/>
  <testcase classname="package_1.parameter_dependsonmethod" name="search" time="0.001"/>
  <system-out/>
</testsuite> <!-- package_1.parameter_dependsonmethod -->
