<?xml version="1.0" encoding="UTF-8"?>
<!-- Generated by org.testng.reporters.JUnitReportReporter -->
<testsuite hostname="KALYANI" failures="0" tests="4" name="linsteners.listener_testngclass" time="0.017" errors="0" timestamp="2024-06-25T11:01:55 IST" skipped="0">
  <testcase classname="linsteners.listener_testngclass" name="k" time="0.002"/>
  <system-out/>
  <testcase classname="linsteners.listener_testngclass" name="h" time="0.002"/>
  <system-out/>
  <testcase classname="linsteners.listener_testngclass" name="p" time="0.001"/>
  <system-out/>
  <testcase classname="linsteners.listener_testngclass" name="d" time="0.012"/>
  <system-out/>
</testsuite> <!-- linsteners.listener_testngclass -->
