<?xml version="1.0" encoding="UTF-8"?>
<!-- Generated by org.testng.reporters.JUnitReportReporter -->
<testsuite hostname="KALYANI" failures="0" tests="9" name="linsteners.meesho_automate" time="10.480" errors="0" timestamp="2024-06-23T17:12:36 IST" skipped="0">
  <testcase classname="linsteners.meesho_automate" name="Women_Ethnic" time="1.161"/>
  <system-out/>
  <testcase classname="linsteners.meesho_automate" name="Women_Western" time="1.141"/>
  <system-out/>
  <testcase classname="linsteners.meesho_automate" name="Men" time="1.165"/>
  <system-out/>
  <testcase classname="linsteners.meesho_automate" name="Kids" time="1.162"/>
  <system-out/>
  <testcase classname="linsteners.meesho_automate" name="Home_Kitchen" time="1.200"/>
  <system-out/>
  <testcase classname="linsteners.meesho_automate" name="Beauty_Health" time="1.157"/>
  <system-out/>
  <testcase classname="linsteners.meesho_automate" name="Jewellery_Accessories" time="1.140"/>
  <system-out/>
  <testcase classname="linsteners.meesho_automate" name="Bags_Footwear" time="1.196"/>
  <system-out/>
  <testcase classname="linsteners.meesho_automate" name="Electronics" time="1.158"/>
  <system-out/>
</testsuite> <!-- linsteners.meesho_automate -->
